  Final11.cpp
C:\Users\eduar\Documents\UNAM\2022-1\CGEIHC\ProyectoFinal\Proyecto_CGEIHC_2022-1\include\shader_m.h(44,40): warning C4101: 'e': variable local sin referencia
C:\Users\eduar\Documents\UNAM\2022-1\CGEIHC\ProyectoFinal\Proyecto_CGEIHC_2022-1\include\modelAnim.h(104,44): warning C4244: '=': conversión de 'double' a 'float'; posible pérdida de datos
C:\Users\eduar\Documents\UNAM\2022-1\CGEIHC\ProyectoFinal\Proyecto_CGEIHC_2022-1\include\modelAnim.h(520,24): warning C4244: 'inicializando': conversión de 'double' a 'float'; posible pérdida de datos
C:\Users\eduar\Documents\UNAM\2022-1\CGEIHC\ProyectoFinal\Proyecto_CGEIHC_2022-1\Final11.cpp(217,25): warning C4244: '=': conversión de 'double' a 'T'; posible pérdida de datos
          with
          [
              T=float
          ]
C:\Users\eduar\Documents\UNAM\2022-1\CGEIHC\ProyectoFinal\Proyecto_CGEIHC_2022-1\Final11.cpp(218,25): warning C4244: '=': conversión de 'double' a 'T'; posible pérdida de datos
          with
          [
              T=float
          ]
C:\Users\eduar\Documents\UNAM\2022-1\CGEIHC\ProyectoFinal\Proyecto_CGEIHC_2022-1\Final11.cpp(222,23): warning C4244: '=': conversión de 'double' a 'T'; posible pérdida de datos
          with
          [
              T=float
          ]
C:\Users\eduar\Documents\UNAM\2022-1\CGEIHC\ProyectoFinal\Proyecto_CGEIHC_2022-1\Final11.cpp(223,23): warning C4244: '=': conversión de 'double' a 'T'; posible pérdida de datos
          with
          [
              T=float
          ]
C:\Users\eduar\Documents\UNAM\2022-1\CGEIHC\ProyectoFinal\Proyecto_CGEIHC_2022-1\Final11.cpp(224,22): warning C4244: '=': conversión de 'double' a 'T'; posible pérdida de datos
          with
          [
              T=float
          ]
C:\Users\eduar\Documents\UNAM\2022-1\CGEIHC\ProyectoFinal\Proyecto_CGEIHC_2022-1\Final11.cpp(225,23): warning C4244: '=': conversión de 'double' a 'T'; posible pérdida de datos
          with
          [
              T=float
          ]
C:\Users\eduar\Documents\UNAM\2022-1\CGEIHC\ProyectoFinal\Proyecto_CGEIHC_2022-1\Final11.cpp(226,23): warning C4244: '=': conversión de 'double' a 'T'; posible pérdida de datos
          with
          [
              T=float
          ]
C:\Users\eduar\Documents\UNAM\2022-1\CGEIHC\ProyectoFinal\Proyecto_CGEIHC_2022-1\Final11.cpp(227,23): warning C4244: '=': conversión de 'double' a 'T'; posible pérdida de datos
          with
          [
              T=float
          ]
C:\Users\eduar\Documents\UNAM\2022-1\CGEIHC\ProyectoFinal\Proyecto_CGEIHC_2022-1\Final11.cpp(438,22): warning C4305: '=': truncamiento de 'double' a 'float'
C:\Users\eduar\Documents\UNAM\2022-1\CGEIHC\ProyectoFinal\Proyecto_CGEIHC_2022-1\Final11.cpp(473,16): warning C4305: '-=': truncamiento de 'double' a 'float'
C:\Users\eduar\Documents\UNAM\2022-1\CGEIHC\ProyectoFinal\Proyecto_CGEIHC_2022-1\Final11.cpp(1743,11): warning C4244: '=': conversión de 'double' a 'float'; posible pérdida de datos
C:\Users\eduar\Documents\UNAM\2022-1\CGEIHC\ProyectoFinal\Proyecto_CGEIHC_2022-1\Final11.cpp(1744,11): warning C4244: '=': conversión de 'double' a 'float'; posible pérdida de datos
C:\Users\eduar\Documents\UNAM\2022-1\CGEIHC\ProyectoFinal\Proyecto_CGEIHC_2022-1\Final11.cpp(1748,16): warning C4244: 'inicializando': conversión de 'double' a 'float'; posible pérdida de datos
C:\Users\eduar\Documents\UNAM\2022-1\CGEIHC\ProyectoFinal\Proyecto_CGEIHC_2022-1\Final11.cpp(1749,16): warning C4244: 'inicializando': conversión de 'double' a 'float'; posible pérdida de datos
C:\Users\eduar\Documents\UNAM\2022-1\CGEIHC\ProyectoFinal\Proyecto_CGEIHC_2022-1\Final11.cpp(1751,10): warning C4244: '=': conversión de 'double' a 'float'; posible pérdida de datos
C:\Users\eduar\Documents\UNAM\2022-1\CGEIHC\ProyectoFinal\Proyecto_CGEIHC_2022-1\Final11.cpp(1752,10): warning C4244: '=': conversión de 'double' a 'float'; posible pérdida de datos
C:\Users\eduar\Documents\UNAM\2022-1\CGEIHC\ProyectoFinal\Proyecto_CGEIHC_2022-1\Final11.cpp(1760,28): warning C4244: 'argumento': conversión de 'double' a 'float'; posible pérdida de datos
glfw3.lib(context.obj) : warning LNK4099: no se encontró PDB 'glfw.pdb' con 'glfw3.lib(context.obj)' o en 'C:\Users\eduar\Documents\UNAM\2022-1\CGEIHC\ProyectoFinal\Proyecto_CGEIHC_2022-1\Debug\glfw.pdb'; se vinculará el objeto sin tener en cuenta información de depuración
glfw3.lib(init.obj) : warning LNK4099: no se encontró PDB 'glfw.pdb' con 'glfw3.lib(init.obj)' o en 'C:\Users\eduar\Documents\UNAM\2022-1\CGEIHC\ProyectoFinal\Proyecto_CGEIHC_2022-1\Debug\glfw.pdb'; se vinculará el objeto sin tener en cuenta información de depuración
glfw3.lib(input.obj) : warning LNK4099: no se encontró PDB 'glfw.pdb' con 'glfw3.lib(input.obj)' o en 'C:\Users\eduar\Documents\UNAM\2022-1\CGEIHC\ProyectoFinal\Proyecto_CGEIHC_2022-1\Debug\glfw.pdb'; se vinculará el objeto sin tener en cuenta información de depuración
glfw3.lib(monitor.obj) : warning LNK4099: no se encontró PDB 'glfw.pdb' con 'glfw3.lib(monitor.obj)' o en 'C:\Users\eduar\Documents\UNAM\2022-1\CGEIHC\ProyectoFinal\Proyecto_CGEIHC_2022-1\Debug\glfw.pdb'; se vinculará el objeto sin tener en cuenta información de depuración
glfw3.lib(vulkan.obj) : warning LNK4099: no se encontró PDB 'glfw.pdb' con 'glfw3.lib(vulkan.obj)' o en 'C:\Users\eduar\Documents\UNAM\2022-1\CGEIHC\ProyectoFinal\Proyecto_CGEIHC_2022-1\Debug\glfw.pdb'; se vinculará el objeto sin tener en cuenta información de depuración
glfw3.lib(window.obj) : warning LNK4099: no se encontró PDB 'glfw.pdb' con 'glfw3.lib(window.obj)' o en 'C:\Users\eduar\Documents\UNAM\2022-1\CGEIHC\ProyectoFinal\Proyecto_CGEIHC_2022-1\Debug\glfw.pdb'; se vinculará el objeto sin tener en cuenta información de depuración
glfw3.lib(win32_init.obj) : warning LNK4099: no se encontró PDB 'glfw.pdb' con 'glfw3.lib(win32_init.obj)' o en 'C:\Users\eduar\Documents\UNAM\2022-1\CGEIHC\ProyectoFinal\Proyecto_CGEIHC_2022-1\Debug\glfw.pdb'; se vinculará el objeto sin tener en cuenta información de depuración
glfw3.lib(win32_joystick.obj) : warning LNK4099: no se encontró PDB 'glfw.pdb' con 'glfw3.lib(win32_joystick.obj)' o en 'C:\Users\eduar\Documents\UNAM\2022-1\CGEIHC\ProyectoFinal\Proyecto_CGEIHC_2022-1\Debug\glfw.pdb'; se vinculará el objeto sin tener en cuenta información de depuración
glfw3.lib(win32_monitor.obj) : warning LNK4099: no se encontró PDB 'glfw.pdb' con 'glfw3.lib(win32_monitor.obj)' o en 'C:\Users\eduar\Documents\UNAM\2022-1\CGEIHC\ProyectoFinal\Proyecto_CGEIHC_2022-1\Debug\glfw.pdb'; se vinculará el objeto sin tener en cuenta información de depuración
glfw3.lib(win32_time.obj) : warning LNK4099: no se encontró PDB 'glfw.pdb' con 'glfw3.lib(win32_time.obj)' o en 'C:\Users\eduar\Documents\UNAM\2022-1\CGEIHC\ProyectoFinal\Proyecto_CGEIHC_2022-1\Debug\glfw.pdb'; se vinculará el objeto sin tener en cuenta información de depuración
glfw3.lib(win32_thread.obj) : warning LNK4099: no se encontró PDB 'glfw.pdb' con 'glfw3.lib(win32_thread.obj)' o en 'C:\Users\eduar\Documents\UNAM\2022-1\CGEIHC\ProyectoFinal\Proyecto_CGEIHC_2022-1\Debug\glfw.pdb'; se vinculará el objeto sin tener en cuenta información de depuración
glfw3.lib(win32_window.obj) : warning LNK4099: no se encontró PDB 'glfw.pdb' con 'glfw3.lib(win32_window.obj)' o en 'C:\Users\eduar\Documents\UNAM\2022-1\CGEIHC\ProyectoFinal\Proyecto_CGEIHC_2022-1\Debug\glfw.pdb'; se vinculará el objeto sin tener en cuenta información de depuración
glfw3.lib(wgl_context.obj) : warning LNK4099: no se encontró PDB 'glfw.pdb' con 'glfw3.lib(wgl_context.obj)' o en 'C:\Users\eduar\Documents\UNAM\2022-1\CGEIHC\ProyectoFinal\Proyecto_CGEIHC_2022-1\Debug\glfw.pdb'; se vinculará el objeto sin tener en cuenta información de depuración
glfw3.lib(egl_context.obj) : warning LNK4099: no se encontró PDB 'glfw.pdb' con 'glfw3.lib(egl_context.obj)' o en 'C:\Users\eduar\Documents\UNAM\2022-1\CGEIHC\ProyectoFinal\Proyecto_CGEIHC_2022-1\Debug\glfw.pdb'; se vinculará el objeto sin tener en cuenta información de depuración
glfw3.lib(osmesa_context.obj) : warning LNK4099: no se encontró PDB 'glfw.pdb' con 'glfw3.lib(osmesa_context.obj)' o en 'C:\Users\eduar\Documents\UNAM\2022-1\CGEIHC\ProyectoFinal\Proyecto_CGEIHC_2022-1\Debug\glfw.pdb'; se vinculará el objeto sin tener en cuenta información de depuración
  Practica1y2.vcxproj -> C:\Users\eduar\Documents\UNAM\2022-1\CGEIHC\ProyectoFinal\Proyecto_CGEIHC_2022-1\Debug\Practica1y2.exe
